# JRE version: Java(TM) SE Runtime Environment (8.0_191-b12) (build 1.8.0_191-b12)
# Java VM: Java HotSpot(TM) 64-Bit Server VM (25.191-b12 mixed mode linux-amd64 compressed oops)
Heap:
 PSYoungGen      total 284160K, used 50521K [0x000000076da00000, 0x0000000781a80000, 0x00000007c0000000)
  eden space 258560K, 10% used [0x000000076da00000,0x000000076f5a2408,0x000000077d680000)
  from space 25600K, 86% used [0x0000000780180000,0x00000007817343e0,0x0000000781a80000)
  to   space 34816K, 0% used [0x000000077d680000,0x000000077d680000,0x000000077f880000)
 ParOldGen       total 216576K, used 54026K [0x00000006c8e00000, 0x00000006d6180000, 0x000000076da00000)
  object space 216576K, 24% used [0x00000006c8e00000,0x00000006cc2c2be8,0x00000006d6180000)
 Metaspace       used 39398K, capacity 40712K, committed 41088K, reserved 1085440K
  class space    used 4657K, capacity 4873K, committed 4992K, reserved 1048576K
GC Heap History (10 events):
Event: 727.664 GC heap before
{Heap before GC invocations=10 (full 2):
 PSYoungGen      total 266240K, used 255400K [0x000000076da00000, 0x0000000784180000, 0x00000007c0000000)
  eden space 235008K, 100% used [0x000000076da00000,0x000000077bf80000,0x000000077bf80000)
  from space 31232K, 65% used [0x000000077bf80000,0x000000077d36a0d8,0x000000077de00000)
  to   space 30720K, 0% used [0x0000000782380000,0x0000000782380000,0x0000000784180000)
 ParOldGen       total 216576K, used 45962K [0x00000006c8e00000, 0x00000006d6180000, 0x000000076da00000)
  object space 216576K, 21% used [0x00000006c8e00000,0x00000006cbae2be8,0x00000006d6180000)
 Metaspace       used 38506K, capacity 39738K, committed 39936K, reserved 1085440K
  class space    used 4631K, capacity 4836K, committed 4864K, reserved 1048576K
Event: 727.681 GC heap after
Heap after GC invocations=10 (full 2):
 PSYoungGen      total 315392K, used 21716K [0x000000076da00000, 0x0000000783900000, 0x00000007c0000000)
  eden space 293376K, 0% used [0x000000076da00000,0x000000076da00000,0x000000077f880000)
  from space 22016K, 98% used [0x0000000782380000,0x00000007838b5000,0x0000000783900000)
  to   space 30720K, 0% used [0x000000077fd00000,0x000000077fd00000,0x0000000781b00000)
 ParOldGen       total 216576K, used 45970K [0x00000006c8e00000, 0x00000006d6180000, 0x000000076da00000)
  object space 216576K, 21% used [0x00000006c8e00000,0x00000006cbae4be8,0x00000006d6180000)
 Metaspace       used 38506K, capacity 39738K, committed 39936K, reserved 1085440K
  class space    used 4631K, capacity 4836K, committed 4864K, reserved 1048576K
}
Event: 1696.085 GC heap before
{Heap before GC invocations=11 (full 2):
 PSYoungGen      total 315392K, used 315092K [0x000000076da00000, 0x0000000783900000, 0x00000007c0000000)
  eden space 293376K, 100% used [0x000000076da00000,0x000000077f880000,0x000000077f880000)
  from space 22016K, 98% used [0x0000000782380000,0x00000007838b5000,0x0000000783900000)
  to   space 30720K, 0% used [0x000000077fd00000,0x000000077fd00000,0x0000000781b00000)
 ParOldGen       total 216576K, used 45970K [0x00000006c8e00000, 0x00000006d6180000, 0x000000076da00000)
  object space 216576K, 21% used [0x00000006c8e00000,0x00000006cbae4be8,0x00000006d6180000)
 Metaspace       used 39098K, capacity 40366K, committed 40576K, reserved 1085440K
  class space    used 4654K, capacity 4870K, committed 4992K, reserved 1048576K
Event: 1696.104 GC heap after
Heap after GC invocations=11 (full 2):
 PSYoungGen      total 313856K, used 29638K [0x000000076da00000, 0x0000000783280000, 0x00000007c0000000)
  eden space 284160K, 0% used [0x000000076da00000,0x000000076da00000,0x000000077ef80000)
  from space 29696K, 99% used [0x000000077fd00000,0x00000007819f1808,0x0000000781a00000)
  to   space 25088K, 0% used [0x0000000781a00000,0x0000000781a00000,0x0000000783280000)
 ParOldGen       total 216576K, used 45978K [0x00000006c8e00000, 0x00000006d6180000, 0x000000076da00000)
  object space 216576K, 21% used [0x00000006c8e00000,0x00000006cbae6be8,0x00000006d6180000)
 Metaspace       used 39098K, capacity 40366K, committed 40576K, reserved 1085440K
  class space    used 4654K, capacity 4870K, committed 4992K, reserved 1048576K
}
Event: 2227.447 GC heap before
{Heap before GC invocations=12 (full 2):
 PSYoungGen      total 313856K, used 313798K [0x000000076da00000, 0x0000000783280000, 0x00000007c0000000)
  eden space 284160K, 100% used [0x000000076da00000,0x000000077ef80000,0x000000077ef80000)
  from space 29696K, 99% used [0x000000077fd00000,0x00000007819f1808,0x0000000781a00000)
  to   space 25088K, 0% used [0x0000000781a00000,0x0000000781a00000,0x0000000783280000)
 ParOldGen       total 216576K, used 45978K [0x00000006c8e00000, 0x00000006d6180000, 0x000000076da00000)
  object space 216576K, 21% used [0x00000006c8e00000,0x00000006cbae6be8,0x00000006d6180000)
 Metaspace       used 39243K, capacity 40506K, committed 40832K, reserved 1085440K
  class space    used 4656K, capacity 4872K, committed 4992K, reserved 1048576K
Event: 2227.469 GC heap after
Heap after GC invocations=12 (full 2):
 PSYoungGen      total 300544K, used 25087K [0x000000076da00000, 0x0000000783280000, 0x00000007c0000000)
  eden space 275456K, 0% used [0x000000076da00000,0x000000076da00000,0x000000077e700000)
  from space 25088K, 99% used [0x0000000781a00000,0x000000078327ff30,0x0000000783280000)
  to   space 37888K, 0% used [0x000000077e880000,0x000000077e880000,0x0000000780d80000)
 ParOldGen       total 216576K, used 54018K [0x00000006c8e00000, 0x00000006d6180000, 0x000000076da00000)
  object space 216576K, 24% used [0x00000006c8e00000,0x00000006cc2c0be8,0x00000006d6180000)
 Metaspace       used 39243K, capacity 40506K, committed 40832K, reserved 1085440K
  class space    used 4656K, capacity 4872K, committed 4992K, reserved 1048576K
}
Event: 2944.774 GC heap before
{Heap before GC invocations=13 (full 2):
 PSYoungGen      total 300544K, used 300543K [0x000000076da00000, 0x0000000783280000, 0x00000007c0000000)
  eden space 275456K, 100% used [0x000000076da00000,0x000000077e700000,0x000000077e700000)
  from space 25088K, 99% used [0x0000000781a00000,0x000000078327ff30,0x0000000783280000)
  to   space 37888K, 0% used [0x000000077e880000,0x000000077e880000,0x0000000780d80000)
 ParOldGen       total 216576K, used 54018K [0x00000006c8e00000, 0x00000006d6180000, 0x000000076da00000)
  object space 216576K, 24% used [0x00000006c8e00000,0x00000006cc2c0be8,0x00000006d6180000)
 Metaspace       used 39382K, capacity 40706K, committed 41088K, reserved 1085440K
  class space    used 4656K, capacity 4872K, committed 4992K, reserved 1048576K
Event: 2944.790 GC heap after
Heap after GC invocations=13 (full 2):
 PSYoungGen      total 287744K, used 20918K [0x000000076da00000, 0x0000000782480000, 0x00000007c0000000)
  eden space 266752K, 0% used [0x000000076da00000,0x000000076da00000,0x000000077de80000)
  from space 20992K, 99% used [0x000000077e880000,0x000000077fced968,0x000000077fd00000)
  to   space 35840K, 0% used [0x0000000780180000,0x0000000780180000,0x0000000782480000)
 ParOldGen       total 216576K, used 54026K [0x00000006c8e00000, 0x00000006d6180000, 0x000000076da00000)
  object space 216576K, 24% used [0x00000006c8e00000,0x00000006cc2c2be8,0x00000006d6180000)
 Metaspace       used 39382K, capacity 40706K, committed 41088K, reserved 1085440K
  class space    used 4656K, capacity 4872K, committed 4992K, reserved 1048576K
}
Event: 3922.490 GC heap before
{Heap before GC invocations=14 (full 2):
 PSYoungGen      total 287744K, used 287670K [0x000000076da00000, 0x0000000782480000, 0x00000007c0000000)
  eden space 266752K, 100% used [0x000000076da00000,0x000000077de80000,0x000000077de80000)
  from space 20992K, 99% used [0x000000077e880000,0x000000077fced968,0x000000077fd00000)
  to   space 35840K, 0% used [0x0000000780180000,0x0000000780180000,0x0000000782480000)
 ParOldGen       total 216576K, used 54026K [0x00000006c8e00000, 0x00000006d6180000, 0x000000076da00000)
  object space 216576K, 24% used [0x00000006c8e00000,0x00000006cc2c2be8,0x00000006d6180000)
 Metaspace       used 39398K, capacity 40712K, committed 41088K, reserved 1085440K
  class space    used 4657K, capacity 4873K, committed 4992K, reserved 1048576K
Event: 3922.504 GC heap after
Heap after GC invocations=14 (full 2):
 PSYoungGen      total 284160K, used 22224K [0x000000076da00000, 0x0000000781a80000, 0x00000007c0000000)
  eden space 258560K, 0% used [0x000000076da00000,0x000000076da00000,0x000000077d680000)
  from space 25600K, 86% used [0x0000000780180000,0x00000007817343e0,0x0000000781a80000)
  to   space 34816K, 0% used [0x000000077d680000,0x000000077d680000,0x000000077f880000)
 ParOldGen       total 216576K, used 54026K [0x00000006c8e00000, 0x00000006d6180000, 0x000000076da00000)
  object space 216576K, 24% used [0x00000006c8e00000,0x00000006cc2c2be8,0x00000006d6180000)
 Metaspace       used 39398K, capacity 40712K, committed 41088K, reserved 1085440K
  class space    used 4657K, capacity 4873K, committed 4992K, reserved 1048576K
}

